<?xml version="1.0" encoding="UTF-8"?>
<testsuite xmlns:xsi="http://www.w3.org/2001/XMLSchema-instance" xsi:noNamespaceSchemaLocation="https://maven.apache.org/surefire/maven-surefire-plugin/xsd/surefire-test-report-3.0.xsd" version="3.0" name="com.example.customers.CustomerApiTests" time="7.918" tests="6" errors="0" skipped="0" failures="0">
  <properties>
[...]
</properties>
  <testcase name="create_and_get_by_id" classname="com.example.customers.CustomerApiTests" time="0.96">
    <system-out><![CDATA[18:58:26.985 [main] INFO org.springframework.test.context.support.AnnotationConfigContextLoaderUtils -- Could not detect default configuration classes for test class [com.example.customers.CustomerApiTests]: CustomerApiTests does not declare any static, non-private, non-final, nested classes annotated with @Configuration.
18:58:27.228 [main] INFO org.springframework.boot.test.context.SpringBootTestContextBootstrapper -- Found @SpringBootConfiguration com.example.customers.CustomerManagementApiApplication for test class com.example.customers.CustomerApiTests

  .   ____          _            __ _ _
 /\\ / ___'_ __ _ _(_)_ __  __ _ \ \ \ \
( ( )\___ | '_ | '_| | '_ \/ _` | \ \ \ \
 \\/  ___)| |_)| | | | | || (_| |  ) ) ) )
  '  |____| .__|_| |_|_| |_\__, | / / / /
 =========|_|==============|___/=/_/_/_/

 :: Spring Boot ::                (v3.3.2)

2025-08-13T18:58:27.779Z  INFO 66278 --- [           main] com.example.customers.CustomerApiTests   : Starting CustomerApiTests using Java 17.0.16 with PID 66278 (started by codespace in /workspaces/JAVA-coding-challenge)
2025-08-13T18:58:27.785Z  INFO 66278 --- [           main] com.example.customers.CustomerApiTests   : No active profile set, falling back to 1 default profile: "default"
2025-08-13T18:58:29.233Z  INFO 66278 --- [           main] .s.d.r.c.RepositoryConfigurationDelegate : Bootstrapping Spring Data JPA repositories in DEFAULT mode.
2025-08-13T18:58:29.294Z  INFO 66278 --- [           main] .s.d.r.c.RepositoryConfigurationDelegate : Finished Spring Data repository scanning in 53 ms. Found 1 JPA repository interface.
2025-08-13T18:58:29.937Z  INFO 66278 --- [           main] o.hibernate.jpa.internal.util.LogHelper  : HHH000204: Processing PersistenceUnitInfo [name: default]
2025-08-13T18:58:29.997Z  INFO 66278 --- [           main] org.hibernate.Version                    : HHH000412: Hibernate ORM core version 6.5.2.Final
2025-08-13T18:58:30.035Z  INFO 66278 --- [           main] o.h.c.internal.RegionFactoryInitiator    : HHH000026: Second-level cache disabled
2025-08-13T18:58:30.408Z  INFO 66278 --- [           main] o.s.o.j.p.SpringPersistenceUnitInfo      : No LoadTimeWeaver setup: ignoring JPA class transformer
2025-08-13T18:58:30.434Z  INFO 66278 --- [           main] com.zaxxer.hikari.HikariDataSource       : HikariPool-1 - Starting...
2025-08-13T18:58:30.615Z  INFO 66278 --- [           main] com.zaxxer.hikari.pool.HikariPool        : HikariPool-1 - Added connection conn0: url=jdbc:h2:mem:testdb user=SA
2025-08-13T18:58:30.616Z  INFO 66278 --- [           main] com.zaxxer.hikari.HikariDataSource       : HikariPool-1 - Start completed.
2025-08-13T18:58:30.641Z  WARN 66278 --- [           main] org.hibernate.orm.deprecation            : HHH90000025: H2Dialect does not need to be specified explicitly using 'hibernate.dialect' (remove the property setting and it will be selected by default)
2025-08-13T18:58:31.583Z  INFO 66278 --- [           main] o.h.e.t.j.p.i.JtaPlatformInitiator       : HHH000489: No JTA platform available (set 'hibernate.transaction.jta.platform' to enable JTA platform integration)
2025-08-13T18:58:31.643Z  INFO 66278 --- [           main] j.LocalContainerEntityManagerFactoryBean : Initialized JPA EntityManagerFactory for persistence unit 'default'
2025-08-13T18:58:32.324Z  WARN 66278 --- [           main] JpaBaseConfiguration$JpaWebConfiguration : spring.jpa.open-in-view is enabled by default. Therefore, database queries may be performed during view rendering. Explicitly configure spring.jpa.open-in-view to disable this warning
2025-08-13T18:58:32.846Z  INFO 66278 --- [           main] o.s.b.a.h2.H2ConsoleAutoConfiguration    : H2 console available at '/h2-console'. Database available at 'jdbc:h2:mem:testdb'
2025-08-13T18:58:32.946Z  INFO 66278 --- [           main] o.s.b.t.m.w.SpringBootMockServletContext : Initializing Spring TestDispatcherServlet ''
2025-08-13T18:58:32.946Z  INFO 66278 --- [           main] o.s.t.web.servlet.TestDispatcherServlet  : Initializing Servlet ''
2025-08-13T18:58:32.949Z  INFO 66278 --- [           main] o.s.t.web.servlet.TestDispatcherServlet  : Completed initialization in 1 ms
2025-08-13T18:58:32.997Z  INFO 66278 --- [           main] com.example.customers.CustomerApiTests   : Started CustomerApiTests in 5.566 seconds (process running for 6.971)
]]></system-out>
  </testcase>
  <testcase name="validation_on_email" classname="com.example.customers.CustomerApiTests" time="0.033"/>
  <testcase name="tier_gold_and_platinum" classname="com.example.customers.CustomerApiTests" time="0.067"/>
  <testcase name="tierBoundaryValues" classname="com.example.customers.CustomerApiTests" time="0.052"/>
  <testcase name="update_and_delete" classname="com.example.customers.CustomerApiTests" time="0.523"/>
  <testcase name="postShouldFailIfIdPresent" classname="com.example.customers.CustomerApiTests" time="0.006"/>
</testsuite>